<?xml version="1.0" encoding="UTF-8"?>
<testsuite xmlns:xsi="http://www.w3.org/2001/XMLSchema-instance" xsi:noNamespaceSchemaLocation="https://maven.apache.org/surefire/maven-surefire-plugin/xsd/surefire-test-report.xsd" name="TestSuite" time="75.303" tests="20" errors="0" skipped="0" failures="0">
  <properties>
    <property name="java.specification.version" value="16"/>
    <property name="sun.jnu.encoding" value="UTF-8"/>
    <property name="java.class.path" value="/usr/local/Cellar/maven/3.8.1/libexec/boot/plexus-classworlds-2.6.0.jar"/>
    <property name="java.vm.vendor" value="Homebrew"/>
    <property name="sun.arch.data.model" value="64"/>
    <property name="java.vendor.url" value="https://github.com/Homebrew/homebrew-core/issues"/>
    <property name="user.timezone" value="America/New_York"/>
    <property name="maven.conf" value="/usr/local/Cellar/maven/3.8.1/libexec/conf"/>
    <property name="java.vm.specification.version" value="16"/>
    <property name="os.name" value="Mac OS X"/>
    <property name="sun.java.launcher" value="SUN_STANDARD"/>
    <property name="user.country" value="US"/>
    <property name="sun.boot.library.path" value="/usr/local/Cellar/openjdk/16.0.1/libexec/openjdk.jdk/Contents/Home/lib"/>
    <property name="sun.java.command" value="org.codehaus.plexus.classworlds.launcher.Launcher clean install"/>
    <property name="http.nonProxyHosts" value="local|*.local|169.254/16|*.169.254/16"/>
    <property name="jdk.debug" value="release"/>
    <property name="maven.home" value="/usr/local/Cellar/maven/3.8.1/libexec"/>
    <property name="sun.cpu.endian" value="little"/>
    <property name="user.home" value="/Users/dzmitryrazhkou"/>
    <property name="user.language" value="en"/>
    <property name="java.specification.vendor" value="Oracle Corporation"/>
    <property name="java.version.date" value="2021-04-20"/>
    <property name="java.home" value="/usr/local/Cellar/openjdk/16.0.1/libexec/openjdk.jdk/Contents/Home"/>
    <property name="file.separator" value="/"/>
    <property name="java.vm.compressedOopsMode" value="Zero based"/>
    <property name="line.separator" value="&#10;"/>
    <property name="java.vm.specification.vendor" value="Oracle Corporation"/>
    <property name="java.specification.name" value="Java Platform API Specification"/>
    <property name="sun.management.compiler" value="HotSpot 64-Bit Tiered Compilers"/>
    <property name="ftp.nonProxyHosts" value="local|*.local|169.254/16|*.169.254/16"/>
    <property name="java.runtime.version" value="16.0.1+0"/>
    <property name="user.name" value="dzmitryrazhkou"/>
    <property name="path.separator" value=":"/>
    <property name="os.version" value="13.3.1"/>
    <property name="java.runtime.name" value="OpenJDK Runtime Environment"/>
    <property name="file.encoding" value="UTF-8"/>
    <property name="guice.disable.misplaced.annotation.check" value="true"/>
    <property name="java.vm.name" value="OpenJDK 64-Bit Server VM"/>
    <property name="java.vendor.version" value="Homebrew"/>
    <property name="java.vendor.url.bug" value="https://github.com/Homebrew/homebrew-core/issues"/>
    <property name="java.io.tmpdir" value="/var/folders/4y/z4q6qpkd1p1fj9znbkpvjzl40000gn/T/"/>
    <property name="java.version" value="16.0.1"/>
    <property name="user.dir" value="/Users/dzmitryrazhkou/Documents/Preparation/Java_Playwright_Framework"/>
    <property name="os.arch" value="x86_64"/>
    <property name="maven.multiModuleProjectDirectory" value="/Users/dzmitryrazhkou/Documents/Preparation/Java_Playwright_Framework"/>
    <property name="java.vm.specification.name" value="Java Virtual Machine Specification"/>
    <property name="java.library.path" value="/Users/dzmitryrazhkou/Library/Java/Extensions:/Library/Java/Extensions:/Network/Library/Java/Extensions:/System/Library/Java/Extensions:/usr/lib/java:."/>
    <property name="java.vm.info" value="mixed mode, sharing"/>
    <property name="java.vendor" value="Homebrew"/>
    <property name="java.vm.version" value="16.0.1+0"/>
    <property name="classworlds.conf" value="/usr/local/Cellar/maven/3.8.1/libexec/bin/m2.conf"/>
    <property name="sun.io.unicode.encoding" value="UnicodeBig"/>
    <property name="library.jansi.path" value="/usr/local/Cellar/maven/3.8.1/libexec/lib/jansi-native"/>
    <property name="socksNonProxyHosts" value="local|*.local|169.254/16|*.169.254/16"/>
    <property name="java.class.version" value="60.0"/>
  </properties>
  <testcase name="loginPageTitleTest" classname="com.qa.opencart.tests.LoginPageTest" time="0.066"/>
  <testcase name="loginPageTitleTest" classname="com.qa.opencart.tests.LoginPageTest" time="0.072"/>
  <testcase name="loginPageTitleTest" classname="com.qa.opencart.tests.LoginPageTest" time="0.083"/>
  <testcase name="loginPageTitleTest" classname="com.qa.opencart.tests.LoginPageTest" time="0.066"/>
  <testcase name="loginPageUrlTest" classname="com.qa.opencart.tests.LoginPageTest" time="0.001"/>
  <testcase name="loginPageUrlTest" classname="com.qa.opencart.tests.LoginPageTest" time="0.003"/>
  <testcase name="loginPageUrlTest" classname="com.qa.opencart.tests.LoginPageTest" time="0.006"/>
  <testcase name="loginPageUrlTest" classname="com.qa.opencart.tests.LoginPageTest" time="0.005"/>
  <testcase name="doLoginCorrectCredentials" classname="com.qa.opencart.tests.LoginPageTest" time="0.183"/>
  <testcase name="doLoginCorrectCredentials" classname="com.qa.opencart.tests.LoginPageTest" time="0.125"/>
  <testcase name="doLoginCorrectCredentials" classname="com.qa.opencart.tests.LoginPageTest" time="1.558"/>
  <testcase name="doLoginCorrectCredentials" classname="com.qa.opencart.tests.LoginPageTest" time="1.505"/>
  <testcase name="doLoginIncorrectCredentials" classname="com.qa.opencart.tests.LoginPageTest" time="0.219"/>
  <testcase name="doLoginIncorrectCredentials" classname="com.qa.opencart.tests.LoginPageTest" time="1.111"/>
  <testcase name="doLoginIncorrectCredentials" classname="com.qa.opencart.tests.LoginPageTest" time="1.388"/>
  <testcase name="doLoginIncorrectCredentials" classname="com.qa.opencart.tests.LoginPageTest" time="1.096"/>
  <testcase name="doRegisterNewUser" classname="com.qa.opencart.tests.LoginPageTest" time="0.924"/>
  <testcase name="doRegisterNewUser" classname="com.qa.opencart.tests.LoginPageTest" time="0.505"/>
  <testcase name="doRegisterNewUser" classname="com.qa.opencart.tests.LoginPageTest" time="1.898"/>
  <testcase name="doRegisterNewUser" classname="com.qa.opencart.tests.LoginPageTest" time="1.036"/>
</testsuite>