<?xml version="1.0" encoding="UTF-8"?>
<!-- Generated by org.testng.reporters.JUnitReportReporter -->
<testsuite hostname="Macbook-Pro" failures="0" tests="20" name="com.qa.opencart.tests.LoginPageTest" time="179.775" errors="0" timestamp="2023-05-15T23:41:25 EDT" skipped="0">
  <testcase classname="com.qa.opencart.tests.LoginPageTest" name="loginPageTitleTest" time="8.980"/>
  <system-out/>
  <testcase classname="com.qa.opencart.tests.LoginPageTest" name="loginPageTitleTest" time="2.236"/>
  <system-out/>
  <testcase classname="com.qa.opencart.tests.LoginPageTest" name="loginPageTitleTest" time="4.028"/>
  <system-out/>
  <testcase classname="com.qa.opencart.tests.LoginPageTest" name="loginPageTitleTest" time="6.879"/>
  <system-out/>
  <testcase classname="com.qa.opencart.tests.LoginPageTest" name="loginPageUrlTest" time="41.306"/>
  <system-out/>
  <testcase classname="com.qa.opencart.tests.LoginPageTest" name="loginPageUrlTest" time="7.755"/>
  <system-out/>
  <testcase classname="com.qa.opencart.tests.LoginPageTest" name="loginPageUrlTest" time="2.870"/>
  <system-out/>
  <testcase classname="com.qa.opencart.tests.LoginPageTest" name="loginPageUrlTest" time="8.677"/>
  <system-out/>
  <testcase classname="com.qa.opencart.tests.LoginPageTest" name="doLoginCorrectCredentials" time="2.494"/>
  <system-out/>
  <testcase classname="com.qa.opencart.tests.LoginPageTest" name="doLoginCorrectCredentials" time="10.737"/>
  <system-out/>
  <testcase classname="com.qa.opencart.tests.LoginPageTest" name="doLoginCorrectCredentials" time="8.979"/>
  <system-out/>
  <testcase classname="com.qa.opencart.tests.LoginPageTest" name="doLoginCorrectCredentials" time="9.002"/>
  <system-out/>
  <testcase classname="com.qa.opencart.tests.LoginPageTest" name="doLoginIncorrectCredentials" time="10.295"/>
  <system-out/>
  <testcase classname="com.qa.opencart.tests.LoginPageTest" name="doLoginIncorrectCredentials" time="8.178"/>
  <system-out/>
  <testcase classname="com.qa.opencart.tests.LoginPageTest" name="doLoginIncorrectCredentials" time="4.222"/>
  <system-out/>
  <testcase classname="com.qa.opencart.tests.LoginPageTest" name="doLoginIncorrectCredentials" time="2.691"/>
  <system-out/>
  <testcase classname="com.qa.opencart.tests.LoginPageTest" name="doRegisterNewUser" time="24.853"/>
  <system-out/>
  <testcase classname="com.qa.opencart.tests.LoginPageTest" name="doRegisterNewUser" time="8.550"/>
  <system-out/>
  <testcase classname="com.qa.opencart.tests.LoginPageTest" name="doRegisterNewUser" time="3.294"/>
  <system-out/>
  <testcase classname="com.qa.opencart.tests.LoginPageTest" name="doRegisterNewUser" time="3.749"/>
  <system-out/>
</testsuite> <!-- com.qa.opencart.tests.LoginPageTest -->
